<?xml version="1.0" encoding="UTF-8" standalone="yes"?><!DOCTYPE report PUBLIC "-//JACOCO//DTD Report 1.1//EN" "report.dtd"><report name="prod"><sessioninfo id="halcyon-f685b810" start="1741069298213" dump="1741069324789"/><sessioninfo id="halcyon-5df1e05a" start="1741069298139" dump="1741069330412"/><sessioninfo id="halcyon-2dea4cd3" start="1741069514172" dump="1741069523291"/><sessioninfo id="halcyon-4036947b" start="1741069514130" dump="1741069547020"/><sessioninfo id="halcyon-367fc994" start="1741069555815" dump="1741069563035"/><sessioninfo id="halcyon-cb3b7a58" start="1741069555781" dump="1741069574803"/><sessioninfo id="halcyon-8246f4d1" start="1741069856870" dump="1741069861947"/><sessioninfo id="halcyon-fd6504bf" start="1741069856823" dump="1741069873336"/><sessioninfo id="halcyon-c1102ead" start="1741070050902" dump="1741070055471"/><sessioninfo id="halcyon-d0bdaffb" start="1741070050855" dump="1741070068002"/><sessioninfo id="halcyon-846dcff9" start="1741070136496" dump="1741070141807"/><sessioninfo id="halcyon-25dc2e01" start="1741070136472" dump="1741070154802"/><sessioninfo id="halcyon-c8315f57" start="1741070352121" dump="1741070356651"/><sessioninfo id="halcyon-a04016b5" start="1741070352130" dump="1741070369482"/><sessioninfo id="halcyon-cd4fdc34" start="1741070493563" dump="1741070498146"/><sessioninfo id="halcyon-36ef7f84" start="1741070493565" dump="1741070510629"/><sessioninfo id="halcyon-4b17d430" start="1741070580057" dump="1741070584903"/><sessioninfo id="halcyon-5b09f376" start="1741070579863" dump="1741070597283"/><sessioninfo id="halcyon-a067f597" start="1741070664253" dump="1741070687069"/><sessioninfo id="halcyon-34298f72" start="1741070664274" dump="1741070689786"/><sessioninfo id="halcyon-985a2053" start="1741070803831" dump="1741070808903"/><sessioninfo id="halcyon-9b120000" start="1741070803967" dump="1741070824163"/><sessioninfo id="halcyon-8981b774" start="1741070943142" dump="1741070947984"/><sessioninfo id="halcyon-742390e8" start="1741070943131" dump="1741070964446"/><package name="ru/prod/feature/coworking/api"><class name="ru/prod/feature/coworking/api/CoworkingSpaceApi" sourcefilename="CoworkingSpaceApi.java"/><class name="ru/prod/feature/coworking/api/CoworkingBookApi" sourcefilename="CoworkingBookApi.java"/><class name="ru/prod/feature/coworking/api/CoworkingAnnouncementApi" sourcefilename="CoworkingAnnouncementApi.java"/><sourcefile name="CoworkingSpaceApi.java"/><sourcefile name="CoworkingAnnouncementApi.java"/><sourcefile name="CoworkingBookApi.java"/></package><package name="ru/prod/feature/account/api"><class name="ru/prod/feature/account/api/AccountSignUpApi" sourcefilename="AccountSignUpApi.java"/><class name="ru/prod/feature/account/api/AccountProfileApi" sourcefilename="AccountProfileApi.java"/><class name="ru/prod/feature/account/api/AccountSignInApi" sourcefilename="AccountSignInApi.java"/><sourcefile name="AccountProfileApi.java"/><sourcefile name="AccountSignInApi.java"/><sourcefile name="AccountSignUpApi.java"/></package><package name="ru/prod/feature/account/service"><class name="ru/prod/feature/account/service/AccountAuthService" sourcefilename="AccountAuthService.java"><method name="signUp" desc="(Lru/prod/feature/account/dto/AccountSignUpRequest;)Lru/prod/feature/account/dto/AccountSignUpResponse;" line="23"><counter type="INSTRUCTION" missed="0" covered="59"/><counter type="BRANCH" missed="0" covered="2"/><counter type="LINE" missed="0" covered="10"/><counter type="COMPLEXITY" missed="0" covered="2"/><counter type="METHOD" missed="0" covered="1"/></method><method name="signIn" desc="(Lru/prod/feature/account/dto/AccountSignInRequest;)Lru/prod/feature/account/dto/AccountSignInResponse;" line="41"><counter type="INSTRUCTION" missed="0" covered="46"/><counter type="BRANCH" missed="0" covered="2"/><counter type="LINE" missed="0" covered="7"/><counter type="COMPLEXITY" missed="0" covered="2"/><counter type="METHOD" missed="0" covered="1"/></method><counter type="INSTRUCTION" missed="0" covered="105"/><counter type="BRANCH" missed="0" covered="4"/><counter type="LINE" missed="0" covered="17"/><counter type="COMPLEXITY" missed="0" covered="4"/><counter type="METHOD" missed="0" covered="2"/><counter type="CLASS" missed="0" covered="1"/></class><class name="ru/prod/feature/account/service/AccountService" sourcefilename="AccountService.java"><method name="save" desc="(Lru/prod/entity/Account;)Lru/prod/entity/Account;" line="30"><counter type="INSTRUCTION" missed="0" covered="6"/><counter type="LINE" missed="0" covered="1"/><counter type="COMPLEXITY" missed="0" covered="1"/><counter type="METHOD" missed="0" covered="1"/></method><method name="existsByLogin" desc="(Ljava/lang/String;)Z" line="34"><counter type="INSTRUCTION" missed="0" covered="5"/><counter type="LINE" missed="0" covered="1"/><counter type="COMPLEXITY" missed="0" covered="1"/><counter type="METHOD" missed="0" covered="1"/></method><method name="findByLogin" desc="(Ljava/lang/String;)Lru/prod/entity/Account;" line="38"><counter type="INSTRUCTION" missed="0" covered="9"/><counter type="LINE" missed="0" covered="2"/><counter type="COMPLEXITY" missed="0" covered="1"/><counter type="METHOD" missed="0" covered="1"/></method><method name="getProfileByLogin" desc="(Ljava/lang/String;)Lru/prod/feature/account/dto/AccountProfileResponse;" line="43"><counter type="INSTRUCTION" missed="0" covered="22"/><counter type="BRANCH" missed="1" covered="3"/><counter type="LINE" missed="0" covered="4"/><counter type="COMPLEXITY" missed="1" covered="2"/><counter type="METHOD" missed="0" covered="1"/></method><method name="findById" desc="(Ljava/util/UUID;)Lru/prod/entity/Account;" line="53"><counter type="INSTRUCTION" missed="0" covered="9"/><counter type="LINE" missed="0" covered="2"/><counter type="COMPLEXITY" missed="0" covered="1"/><counter type="METHOD" missed="0" covered="1"/></method><method name="getCurrentUserProfile" desc="(Ljava/util/UUID;)Lru/prod/feature/account/dto/AccountProfileResponse;" line="58"><counter type="INSTRUCTION" missed="0" covered="9"/><counter type="LINE" missed="0" covered="2"/><counter type="COMPLEXITY" missed="0" covered="1"/><counter type="METHOD" missed="0" covered="1"/></method><method name="put" desc="(Ljava/util/UUID;Lru/prod/feature/account/dto/AccountProfilePutRequest;)Lru/prod/feature/account/dto/AccountProfileResponse;" line="63"><counter type="INSTRUCTION" missed="0" covered="16"/><counter type="LINE" missed="0" covered="3"/><counter type="COMPLEXITY" missed="0" covered="1"/><counter type="METHOD" missed="0" covered="1"/></method><method name="uploadAvatar" desc="(Ljava/util/UUID;Lorg/springframework/web/multipart/MultipartFile;)Lru/prod/feature/account/dto/AccountProfileResponse;" line="70"><counter type="INSTRUCTION" missed="0" covered="21"/><counter type="LINE" missed="0" covered="5"/><counter type="COMPLEXITY" missed="0" covered="1"/><counter type="METHOD" missed="0" covered="1"/></method><method name="downloadAvatar" desc="(Ljava/lang/String;)Lru/prod/feature/account/help/ImageData;" line="80"><counter type="INSTRUCTION" missed="0" covered="22"/><counter type="BRANCH" missed="0" covered="2"/><counter type="LINE" missed="0" covered="5"/><counter type="COMPLEXITY" missed="0" covered="2"/><counter type="METHOD" missed="0" covered="1"/></method><method name="updateUserProfile" desc="(Ljava/util/UUID;Ljava/lang/String;Lru/prod/feature/account/dto/AccountProfilePutRequest;)Lru/prod/feature/account/dto/AccountProfileResponse;" line="92"><counter type="INSTRUCTION" missed="0" covered="31"/><counter type="BRANCH" missed="0" covered="2"/><counter type="LINE" missed="0" covered="7"/><counter type="COMPLEXITY" missed="0" covered="2"/><counter type="METHOD" missed="0" covered="1"/></method><method name="getAccounts" desc="(Ljava/util/UUID;II)Ljava/util/List;" line="106"><counter type="INSTRUCTION" missed="0" covered="19"/><counter type="LINE" missed="0" covered="5"/><counter type="COMPLEXITY" missed="0" covered="1"/><counter type="METHOD" missed="0" covered="1"/></method><method name="isAdmin" desc="(Ljava/util/UUID;)V" line="115"><counter type="INSTRUCTION" missed="0" covered="14"/><counter type="BRANCH" missed="0" covered="2"/><counter type="LINE" missed="0" covered="4"/><counter type="COMPLEXITY" missed="0" covered="2"/><counter type="METHOD" missed="0" covered="1"/></method><method name="lambda$findById$1" desc="(Ljava/util/UUID;)Lru/prod/feature/account/exception/AccountNotFoundException;" line="54"><counter type="INSTRUCTION" missed="0" covered="7"/><counter type="LINE" missed="0" covered="1"/><counter type="COMPLEXITY" missed="0" covered="1"/><counter type="METHOD" missed="0" covered="1"/></method><method name="lambda$findByLogin$0" desc="(Ljava/lang/String;)Lru/prod/feature/account/exception/AccountNotFoundException;" line="39"><counter type="INSTRUCTION" missed="0" covered="6"/><counter type="LINE" missed="0" covered="1"/><counter type="COMPLEXITY" missed="0" covered="1"/><counter type="METHOD" missed="0" covered="1"/></method><counter type="INSTRUCTION" missed="0" covered="196"/><counter type="BRANCH" missed="1" covered="9"/><counter type="LINE" missed="0" covered="41"/><counter type="COMPLEXITY" missed="1" covered="18"/><counter type="METHOD" missed="0" covered="14"/><counter type="CLASS" missed="0" covered="1"/></class><sourcefile name="AccountService.java"><line nr="30" mi="0" ci="6" mb="0" cb="0"/><line nr="34" mi="0" ci="5" mb="0" cb="0"/><line nr="38" mi="0" ci="7" mb="0" cb="0"/><line nr="39" mi="0" ci="8" mb="0" cb="0"/><line nr="43" mi="0" ci="4" mb="0" cb="0"/><line nr="45" mi="0" ci="8" mb="1" cb="3"/><line nr="46" mi="0" ci="5" mb="0" cb="0"/><line nr="49" mi="0" ci="5" mb="0" cb="0"/><line nr="53" mi="0" ci="7" mb="0" cb="0"/><line nr="54" mi="0" ci="9" mb="0" cb="0"/><line nr="58" mi="0" ci="4" mb="0" cb="0"/><line nr="59" mi="0" ci="5" mb="0" cb="0"/><line nr="63" mi="0" ci="4" mb="0" cb="0"/><line nr="64" mi="0" ci="5" mb="0" cb="0"/><line nr="66" mi="0" ci="7" mb="0" cb="0"/><line nr="70" mi="0" ci="4" mb="0" cb="0"/><line nr="72" mi="0" ci="5" mb="0" cb="0"/><line nr="73" mi="0" ci="3" mb="0" cb="0"/><line nr="74" mi="0" ci="4" mb="0" cb="0"/><line nr="76" mi="0" ci="5" mb="0" cb="0"/><line nr="80" mi="0" ci="4" mb="0" cb="0"/><line nr="82" mi="0" ci="3" mb="0" cb="2"/><line nr="83" mi="0" ci="2" mb="0" cb="0"/><line nr="86" mi="0" ci="6" mb="0" cb="0"/><line nr="88" mi="0" ci="7" mb="0" cb="0"/><line nr="92" mi="0" ci="4" mb="0" cb="0"/><line nr="94" mi="0" ci="4" mb="0" cb="2"/><line nr="95" mi="0" ci="5" mb="0" cb="0"/><line nr="98" mi="0" ci="4" mb="0" cb="0"/><line nr="99" mi="0" ci="5" mb="0" cb="0"/><line nr="100" mi="0" ci="4" mb="0" cb="0"/><line nr="102" mi="0" ci="5" mb="0" cb="0"/><line nr="106" mi="0" ci="3" mb="0" cb="0"/><line nr="108" mi="0" ci="7" mb="0" cb="0"/><line nr="109" mi="0" ci="4" mb="0" cb="0"/><line nr="110" mi="0" ci="4" mb="0" cb="0"/><line nr="111" mi="0" ci="1" mb="0" cb="0"/><line nr="115" mi="0" ci="4" mb="0" cb="0"/><line nr="117" mi="0" ci="4" mb="0" cb="2"/><line nr="118" mi="0" ci="5" mb="0" cb="0"/><line nr="120" mi="0" ci="1" mb="0" cb="0"/><counter type="INSTRUCTION" missed="0" covered="196"/><counter type="BRANCH" missed="1" covered="9"/><counter type="LINE" missed="0" covered="41"/><counter type="COMPLEXITY" missed="1" covered="18"/><counter type="METHOD" missed="0" covered="14"/><counter type="CLASS" missed="0" covered="1"/></sourcefile><sourcefile name="AccountAuthService.java"><line nr="23" mi="0" ci="7" mb="0" cb="2"/><line nr="24" mi="0" ci="7" mb="0" cb="0"/><line nr="27" mi="0" ci="5" mb="0" cb="0"/><line nr="28" mi="0" ci="4" mb="0" cb="0"/><line nr="29" mi="0" ci="5" mb="0" cb="0"/><line nr="30" mi="0" ci="5" mb="0" cb="0"/><line nr="32" mi="0" ci="7" mb="0" cb="0"/><line nr="33" mi="0" ci="7" mb="0" cb="0"/><line nr="35" mi="0" ci="5" mb="0" cb="0"/><line nr="37" mi="0" ci="7" mb="0" cb="0"/><line nr="41" mi="0" ci="7" mb="0" cb="0"/><line nr="43" mi="0" ci="8" mb="0" cb="2"/><line nr="44" mi="0" ci="5" mb="0" cb="0"/><line nr="47" mi="0" ci="7" mb="0" cb="0"/><line nr="48" mi="0" ci="7" mb="0" cb="0"/><line nr="50" mi="0" ci="5" mb="0" cb="0"/><line nr="52" mi="0" ci="7" mb="0" cb="0"/><counter type="INSTRUCTION" missed="0" covered="105"/><counter type="BRANCH" missed="0" covered="4"/><counter type="LINE" missed="0" covered="17"/><counter type="COMPLEXITY" missed="0" covered="4"/><counter type="METHOD" missed="0" covered="2"/><counter type="CLASS" missed="0" covered="1"/></sourcefile><counter type="INSTRUCTION" missed="0" covered="301"/><counter type="BRANCH" missed="1" covered="13"/><counter type="LINE" missed="0" covered="58"/><counter type="COMPLEXITY" missed="1" covered="22"/><counter type="METHOD" missed="0" covered="16"/><counter type="CLASS" missed="0" covered="2"/></package><package name="ru/prod/common/service"><class name="ru/prod/common/service/ImageStorageService" sourcefilename="ImageStorageService.java"><method name="uploadFile" desc="(Lorg/springframework/web/multipart/MultipartFile;)Ljava/lang/String;" line="32"><counter type="INSTRUCTION" missed="0" covered="50"/><counter type="LINE" missed="0" covered="14"/><counter type="COMPLEXITY" missed="0" covered="1"/><counter type="METHOD" missed="0" covered="1"/></method><method name="getFileExtension" desc="(Ljava/lang/String;)Ljava/lang/String;" line="53"><counter type="INSTRUCTION" missed="0" covered="30"/><counter type="BRANCH" missed="0" covered="4"/><counter type="LINE" missed="0" covered="6"/><counter type="COMPLEXITY" missed="0" covered="3"/><counter type="METHOD" missed="0" covered="1"/></method><method name="downloadFile" desc="(Ljava/lang/String;)Lorg/springframework/core/io/InputStreamResource;" line="69"><counter type="INSTRUCTION" missed="0" covered="28"/><counter type="LINE" missed="0" covered="9"/><counter type="COMPLEXITY" missed="0" covered="1"/><counter type="METHOD" missed="0" covered="1"/></method><method name="&lt;clinit&gt;" desc="()V" line="27"><counter type="INSTRUCTION" missed="0" covered="6"/><counter type="LINE" missed="0" covered="1"/><counter type="COMPLEXITY" missed="0" covered="1"/><counter type="METHOD" missed="0" covered="1"/></method><counter type="INSTRUCTION" missed="0" covered="114"/><counter type="BRANCH" missed="0" covered="4"/><counter type="LINE" missed="0" covered="30"/><counter type="COMPLEXITY" missed="0" covered="6"/><counter type="METHOD" missed="0" covered="4"/><counter type="CLASS" missed="0" covered="1"/></class><sourcefile name="ImageStorageService.java"><line nr="27" mi="0" ci="6" mb="0" cb="0"/><line nr="32" mi="0" ci="3" mb="0" cb="0"/><line nr="33" mi="0" ci="10" mb="0" cb="0"/><line nr="35" mi="0" ci="4" mb="0" cb="0"/><line nr="36" mi="0" ci="3" mb="0" cb="0"/><line nr="37" mi="0" ci="3" mb="0" cb="0"/><line nr="38" mi="0" ci="4" mb="0" cb="0"/><line nr="39" mi="0" ci="5" mb="0" cb="0"/><line nr="40" mi="0" ci="2" mb="0" cb="0"/><line nr="41" mi="0" ci="2" mb="0" cb="0"/><line nr="44" mi="0" ci="2" mb="0" cb="0"/><line nr="45" mi="0" ci="1" mb="0" cb="0"/><line nr="46" mi="0" ci="2" mb="0" cb="0"/><line nr="47" mi="0" ci="1" mb="0" cb="0"/><line nr="48" mi="0" ci="8" mb="0" cb="0"/><line nr="53" mi="0" ci="4" mb="0" cb="2"/><line nr="54" mi="0" ci="5" mb="0" cb="0"/><line nr="57" mi="0" ci="9" mb="0" cb="0"/><line nr="59" mi="0" ci="4" mb="0" cb="2"/><line nr="60" mi="0" ci="6" mb="0" cb="0"/><line nr="63" mi="0" ci="2" mb="0" cb="0"/><line nr="69" mi="0" ci="4" mb="0" cb="0"/><line nr="70" mi="0" ci="3" mb="0" cb="0"/><line nr="71" mi="0" ci="3" mb="0" cb="0"/><line nr="72" mi="0" ci="2" mb="0" cb="0"/><line nr="73" mi="0" ci="2" mb="0" cb="0"/><line nr="75" mi="0" ci="1" mb="0" cb="0"/><line nr="76" mi="0" ci="7" mb="0" cb="0"/><line nr="77" mi="0" ci="1" mb="0" cb="0"/><line nr="79" mi="0" ci="5" mb="0" cb="0"/><counter type="INSTRUCTION" missed="0" covered="114"/><counter type="BRANCH" missed="0" covered="4"/><counter type="LINE" missed="0" covered="30"/><counter type="COMPLEXITY" missed="0" covered="6"/><counter type="METHOD" missed="0" covered="4"/><counter type="CLASS" missed="0" covered="1"/></sourcefile><counter type="INSTRUCTION" missed="0" covered="114"/><counter type="BRANCH" missed="0" covered="4"/><counter type="LINE" missed="0" covered="30"/><counter type="COMPLEXITY" missed="0" covered="6"/><counter type="METHOD" missed="0" covered="4"/><counter type="CLASS" missed="0" covered="1"/></package><package name="ru/prod/feature/account/repository"><class name="ru/prod/feature/account/repository/AccountRepository" sourcefilename="AccountRepository.java"/><sourcefile name="AccountRepository.java"/></package><package name="ru/prod/feature/coworking/dto"><class name="ru/prod/feature/coworking/dto/CoworkingFloorRoomResponse" sourcefilename="CoworkingFloorRoomResponse.java"/><class name="ru/prod/feature/coworking/dto/CoworkingFloorPlaceResponse" sourcefilename="CoworkingFloorPlaceResponse.java"/><class name="ru/prod/feature/coworking/dto/CoworkingAccountBookResponse" sourcefilename="CoworkingAccountBookResponse.java"/><class name="ru/prod/feature/coworking/dto/CoworkingBookResponse" sourcefilename="CoworkingBookResponse.java"/><class name="ru/prod/feature/coworking/dto/CoworkingElementResponse" sourcefilename="CoworkingElementResponse.java"/><class name="ru/prod/feature/coworking/dto/CoworkingAccountBookingResponse" sourcefilename="CoworkingAccountBookingResponse.java"/><class name="ru/prod/feature/coworking/dto/CoworkingFloorResponse" sourcefilename="CoworkingFloorResponse.java"/><class name="ru/prod/feature/coworking/dto/CoworkingAnnouncementResponse" sourcefilename="CoworkingAnnouncementResponse.java"/><class name="ru/prod/feature/coworking/dto/CoworkingAnnouncementRequest" sourcefilename="CoworkingAnnouncementRequest.java"/><class name="ru/prod/feature/coworking/dto/CoworkingSpaceBookResponse" sourcefilename="CoworkingSpaceBookResponse.java"/><class name="ru/prod/feature/coworking/dto/CoworkingResponse" sourcefilename="CoworkingResponse.java"/><sourcefile name="CoworkingSpaceBookResponse.java"/><sourcefile name="CoworkingAnnouncementRequest.java"/><sourcefile name="CoworkingElementResponse.java"/><sourcefile name="CoworkingFloorResponse.java"/><sourcefile name="CoworkingBookResponse.java"/><sourcefile name="CoworkingResponse.java"/><sourcefile name="CoworkingAccountBookingResponse.java"/><sourcefile name="CoworkingFloorRoomResponse.java"/><sourcefile name="CoworkingAnnouncementResponse.java"/><sourcefile name="CoworkingAccountBookResponse.java"/><sourcefile name="CoworkingFloorPlaceResponse.java"/></package><package name="ru/prod/feature/coworking/repository"><class name="ru/prod/feature/coworking/repository/CoworkingRoomBookRepository" sourcefilename="CoworkingRoomBookRepository.java"/><class name="ru/prod/feature/coworking/repository/CoworkingPlaceBookRepository" sourcefilename="CoworkingPlaceBookRepository.java"/><class name="ru/prod/feature/coworking/repository/CoworkingFloorRepository" sourcefilename="CoworkingFloorRepository.java"/><class name="ru/prod/feature/coworking/repository/CoworkingAnnouncementRepository" sourcefilename="CoworkingAnnouncementRepository.java"/><class name="ru/prod/feature/coworking/repository/CoworkingBookRepository" sourcefilename="CoworkingBookRepository.java"/><class name="ru/prod/feature/coworking/repository/CoworkingAccountRepository" sourcefilename="CoworkingAccountRepository.java"/><class name="ru/prod/feature/coworking/repository/CoworkingRepository" sourcefilename="CoworkingRepository.java"/><sourcefile name="CoworkingBookRepository.java"/><sourcefile name="CoworkingAccountRepository.java"/><sourcefile name="CoworkingRoomBookRepository.java"/><sourcefile name="CoworkingFloorRepository.java"/><sourcefile name="CoworkingPlaceBookRepository.java"/><sourcefile name="CoworkingAnnouncementRepository.java"/><sourcefile name="CoworkingRepository.java"/></package><package name="ru/prod/feature/coworking/service"><class name="ru/prod/feature/coworking/service/CoworkingBookService" sourcefilename="CoworkingBookService.java"><method name="findRoomBookById" desc="(Ljava/util/UUID;)Lru/prod/entity/CoworkingSpaceFloorRoomBook;" line="46"><counter type="INSTRUCTION" missed="0" covered="9"/><counter type="LINE" missed="0" covered="2"/><counter type="COMPLEXITY" missed="0" covered="1"/><counter type="METHOD" missed="0" covered="1"/></method><method name="findPlaceBookById" desc="(Ljava/util/UUID;)Lru/prod/entity/CoworkingSpaceFloorPlaceBook;" line="51"><counter type="INSTRUCTION" missed="0" covered="9"/><counter type="LINE" missed="0" covered="2"/><counter type="COMPLEXITY" missed="0" covered="1"/><counter type="METHOD" missed="0" covered="1"/></method><method name="bookPlace" desc="(Ljava/util/UUID;Ljava/util/UUID;Ljava/util/UUID;Ljava/time/LocalDateTime;Ljava/time/LocalDateTime;)Lru/prod/feature/coworking/dto/CoworkingBookResponse;" line="61"><counter type="INSTRUCTION" missed="0" covered="57"/><counter type="BRANCH" missed="0" covered="2"/><counter type="LINE" missed="0" covered="13"/><counter type="COMPLEXITY" missed="0" covered="2"/><counter type="METHOD" missed="0" covered="1"/></method><method name="bookRoom" desc="(Ljava/util/UUID;Ljava/util/UUID;Ljava/util/UUID;Ljava/time/LocalDateTime;Ljava/time/LocalDateTime;)Lru/prod/feature/coworking/dto/CoworkingBookResponse;" line="86"><counter type="INSTRUCTION" missed="0" covered="57"/><counter type="BRANCH" missed="0" covered="2"/><counter type="LINE" missed="0" covered="13"/><counter type="COMPLEXITY" missed="0" covered="2"/><counter type="METHOD" missed="0" covered="1"/></method><method name="putBookPlace" desc="(Ljava/util/UUID;Ljava/util/UUID;Ljava/util/UUID;Ljava/time/LocalDateTime;Ljava/time/LocalDateTime;)Lru/prod/feature/coworking/dto/CoworkingBookResponse;" line="111"><counter type="INSTRUCTION" missed="6" covered="53"/><counter type="BRANCH" missed="1" covered="3"/><counter type="LINE" missed="1" covered="12"/><counter type="COMPLEXITY" missed="1" covered="2"/><counter type="METHOD" missed="0" covered="1"/></method><method name="putBookRoom" desc="(Ljava/util/UUID;Ljava/util/UUID;Ljava/util/UUID;Ljava/time/LocalDateTime;Ljava/time/LocalDateTime;)Lru/prod/feature/coworking/dto/CoworkingBookResponse;" line="138"><counter type="INSTRUCTION" missed="0" covered="59"/><counter type="BRANCH" missed="0" covered="4"/><counter type="LINE" missed="0" covered="13"/><counter type="COMPLEXITY" missed="0" covered="3"/><counter type="METHOD" missed="0" covered="1"/></method><method name="deleteBookPlace" desc="(Ljava/util/UUID;Ljava/util/UUID;)V" line="160"><counter type="INSTRUCTION" missed="0" covered="33"/><counter type="BRANCH" missed="1" covered="3"/><counter type="LINE" missed="0" covered="8"/><counter type="COMPLEXITY" missed="1" covered="2"/><counter type="METHOD" missed="0" covered="1"/></method><method name="deleteBookRoom" desc="(Ljava/util/UUID;Ljava/util/UUID;)V" line="173"><counter type="INSTRUCTION" missed="24" covered="0"/><counter type="BRANCH" missed="2" covered="0"/><counter type="LINE" missed="7" covered="0"/><counter type="COMPLEXITY" missed="2" covered="0"/><counter type="METHOD" missed="1" covered="0"/></method><method name="isAllowedPlaceToBook" desc="(Ljava/util/UUID;Ljava/time/LocalDateTime;Ljava/time/LocalDateTime;[Lru/prod/entity/CoworkingSpaceFloorPlaceBook;)Z" line="188"><counter type="INSTRUCTION" missed="0" covered="30"/><counter type="BRANCH" missed="0" covered="2"/><counter type="LINE" missed="0" covered="4"/><counter type="COMPLEXITY" missed="0" covered="2"/><counter type="METHOD" missed="0" covered="1"/></method><method name="isAllowedRoomToBook" desc="(Ljava/util/UUID;Ljava/time/LocalDateTime;Ljava/time/LocalDateTime;[Lru/prod/entity/CoworkingSpaceFloorRoomBook;)Z" line="205"><counter type="INSTRUCTION" missed="0" covered="44"/><counter type="BRANCH" missed="1" covered="5"/><counter type="LINE" missed="0" covered="5"/><counter type="COMPLEXITY" missed="1" covered="3"/><counter type="METHOD" missed="0" covered="1"/></method><method name="verifyPlaceBook" desc="(Ljava/util/UUID;Ljava/util/UUID;)Lru/prod/feature/coworking/dto/CoworkingFloorPlaceResponse;" line="224"><counter type="INSTRUCTION" missed="0" covered="34"/><counter type="LINE" missed="0" covered="11"/><counter type="COMPLEXITY" missed="0" covered="1"/><counter type="METHOD" missed="0" covered="1"/></method><method name="isAdmin" desc="(Ljava/util/UUID;)V" line="244"><counter type="INSTRUCTION" missed="0" covered="15"/><counter type="BRANCH" missed="0" covered="2"/><counter type="LINE" missed="0" covered="4"/><counter type="COMPLEXITY" missed="0" covered="2"/><counter type="METHOD" missed="0" covered="1"/></method><method name="verifyRoomBook" desc="(Ljava/util/UUID;Ljava/util/UUID;)Lru/prod/feature/coworking/dto/CoworkingFloorRoomResponse;" line="252"><counter type="INSTRUCTION" missed="32" covered="0"/><counter type="LINE" missed="10" covered="0"/><counter type="COMPLEXITY" missed="1" covered="0"/><counter type="METHOD" missed="1" covered="0"/></method><method name="getActiveAccountBookings" desc="(Ljava/util/UUID;II)Ljava/util/List;" line="272"><counter type="INSTRUCTION" missed="37" covered="0"/><counter type="LINE" missed="5" covered="0"/><counter type="COMPLEXITY" missed="1" covered="0"/><counter type="METHOD" missed="1" covered="0"/></method><method name="getAccountsBookings" desc="(Ljava/util/UUID;II)Ljava/util/List;" line="283"><counter type="INSTRUCTION" missed="31" covered="0"/><counter type="LINE" missed="5" covered="0"/><counter type="COMPLEXITY" missed="1" covered="0"/><counter type="METHOD" missed="1" covered="0"/></method><method name="getBookingsResponse" desc="(Lorg/springframework/data/domain/PageRequest;Lorg/springframework/data/domain/Page;Lorg/springframework/data/domain/Page;)Ljava/util/List;" line="295"><counter type="INSTRUCTION" missed="30" covered="0"/><counter type="LINE" missed="5" covered="0"/><counter type="COMPLEXITY" missed="1" covered="0"/><counter type="METHOD" missed="1" covered="0"/></method><method name="getAccountHistoryBookings" desc="(Ljava/util/UUID;II)Ljava/util/List;" line="304"><counter type="INSTRUCTION" missed="30" covered="0"/><counter type="LINE" missed="4" covered="0"/><counter type="COMPLEXITY" missed="1" covered="0"/><counter type="METHOD" missed="1" covered="0"/></method><method name="lambda$findPlaceBookById$1" desc="(Ljava/util/UUID;)Lru/prod/feature/coworking/exception/CoworkingNotFoundException;" line="52"><counter type="INSTRUCTION" missed="0" covered="7"/><counter type="LINE" missed="0" covered="1"/><counter type="COMPLEXITY" missed="0" covered="1"/><counter type="METHOD" missed="0" covered="1"/></method><method name="lambda$findRoomBookById$0" desc="(Ljava/util/UUID;)Lru/prod/feature/coworking/exception/CoworkingNotFoundException;" line="47"><counter type="INSTRUCTION" missed="0" covered="7"/><counter type="LINE" missed="0" covered="1"/><counter type="COMPLEXITY" missed="0" covered="1"/><counter type="METHOD" missed="0" covered="1"/></method><counter type="INSTRUCTION" missed="190" covered="414"/><counter type="BRANCH" missed="5" covered="23"/><counter type="LINE" missed="37" covered="87"/><counter type="COMPLEXITY" missed="10" covered="23"/><counter type="METHOD" missed="6" covered="13"/><counter type="CLASS" missed="0" covered="1"/></class><class name="ru/prod/feature/coworking/service/CoworkingAnnouncementService" sourcefilename="CoworkingAnnouncementService.java"><method name="create" desc="(Ljava/util/UUID;Lru/prod/feature/coworking/dto/CoworkingAnnouncementRequest;)Lru/prod/feature/coworking/dto/CoworkingAnnouncementResponse;" line="29"><counter type="INSTRUCTION" missed="53" covered="0"/><counter type="BRANCH" missed="2" covered="0"/><counter type="LINE" missed="14" covered="0"/><counter type="COMPLEXITY" missed="2" covered="0"/><counter type="METHOD" missed="1" covered="0"/></method><method name="getAnnouncements" desc="(II)Ljava/util/List;" line="50"><counter type="INSTRUCTION" missed="24" covered="0"/><counter type="LINE" missed="4" covered="0"/><counter type="COMPLEXITY" missed="1" covered="0"/><counter type="METHOD" missed="1" covered="0"/></method><counter type="INSTRUCTION" missed="77" covered="0"/><counter type="BRANCH" missed="2" covered="0"/><counter type="LINE" missed="18" covered="0"/><counter type="COMPLEXITY" missed="3" covered="0"/><counter type="METHOD" missed="2" covered="0"/><counter type="CLASS" missed="1" covered="0"/></class><class name="ru/prod/feature/coworking/service/CoworkingSpaceService" sourcefilename="CoworkingSpaceService.java"><method name="findAll" desc="(Ljava/time/LocalDateTime;Ljava/time/LocalDateTime;)Ljava/util/List;" line="37"><counter type="INSTRUCTION" missed="0" covered="11"/><counter type="LINE" missed="0" covered="2"/><counter type="COMPLEXITY" missed="0" covered="1"/><counter type="METHOD" missed="0" covered="1"/></method><method name="findById" desc="(Ljava/util/UUID;Ljava/time/LocalDateTime;Ljava/time/LocalDateTime;)Ljava/util/Optional;" line="42"><counter type="INSTRUCTION" missed="0" covered="131"/><counter type="BRANCH" missed="0" covered="8"/><counter type="LINE" missed="0" covered="22"/><counter type="COMPLEXITY" missed="0" covered="5"/><counter type="METHOD" missed="0" covered="1"/></method><method name="uploadFloorImage" desc="(Ljava/util/UUID;Ljava/util/UUID;Lorg/springframework/web/multipart/MultipartFile;)V" line="73"><counter type="INSTRUCTION" missed="21" covered="0"/><counter type="LINE" missed="6" covered="0"/><counter type="COMPLEXITY" missed="1" covered="0"/><counter type="METHOD" missed="1" covered="0"/></method><method name="isAdmin" desc="(Ljava/util/UUID;)V" line="83"><counter type="INSTRUCTION" missed="15" covered="0"/><counter type="BRANCH" missed="2" covered="0"/><counter type="LINE" missed="4" covered="0"/><counter type="COMPLEXITY" missed="2" covered="0"/><counter type="METHOD" missed="1" covered="0"/></method><method name="findFloorById" desc="(Ljava/util/UUID;)Lru/prod/entity/CoworkingSpaceFloor;" line="91"><counter type="INSTRUCTION" missed="9" covered="0"/><counter type="LINE" missed="2" covered="0"/><counter type="COMPLEXITY" missed="1" covered="0"/><counter type="METHOD" missed="1" covered="0"/></method><method name="downloadFloorImage" desc="(Ljava/util/UUID;)Lru/prod/feature/account/help/ImageData;" line="96"><counter type="INSTRUCTION" missed="22" covered="0"/><counter type="BRANCH" missed="2" covered="0"/><counter type="LINE" missed="5" covered="0"/><counter type="COMPLEXITY" missed="2" covered="0"/><counter type="METHOD" missed="1" covered="0"/></method><method name="lambda$findFloorById$1" desc="(Ljava/util/UUID;)Lru/prod/feature/coworking/exception/CoworkingNotFoundException;" line="92"><counter type="INSTRUCTION" missed="7" covered="0"/><counter type="LINE" missed="1" covered="0"/><counter type="COMPLEXITY" missed="1" covered="0"/><counter type="METHOD" missed="1" covered="0"/></method><method name="lambda$findAll$0" desc="(Lru/prod/feature/coworking/dto/CoworkingElementResponse;)V" line="38"><counter type="INSTRUCTION" missed="0" covered="8"/><counter type="LINE" missed="0" covered="1"/><counter type="COMPLEXITY" missed="0" covered="1"/><counter type="METHOD" missed="0" covered="1"/></method><method name="&lt;clinit&gt;" desc="()V" line="26"><counter type="INSTRUCTION" missed="0" covered="4"/><counter type="LINE" missed="0" covered="1"/><counter type="COMPLEXITY" missed="0" covered="1"/><counter type="METHOD" missed="0" covered="1"/></method><counter type="INSTRUCTION" missed="74" covered="154"/><counter type="BRANCH" missed="4" covered="8"/><counter type="LINE" missed="17" covered="25"/><counter type="COMPLEXITY" missed="7" covered="8"/><counter type="METHOD" missed="5" covered="4"/><counter type="CLASS" missed="0" covered="1"/></class><sourcefile name="CoworkingBookService.java"><line nr="46" mi="0" ci="7" mb="0" cb="0"/><line nr="47" mi="0" ci="9" mb="0" cb="0"/><line nr="51" mi="0" ci="7" mb="0" cb="0"/><line nr="52" mi="0" ci="9" mb="0" cb="0"/><line nr="61" mi="0" ci="6" mb="0" cb="0"/><line nr="62" mi="0" ci="3" mb="0" cb="0"/><line nr="64" mi="0" ci="8" mb="0" cb="2"/><line nr="65" mi="0" ci="6" mb="0" cb="0"/><line nr="67" mi="0" ci="4" mb="0" cb="0"/><line nr="68" mi="0" ci="6" mb="0" cb="0"/><line nr="69" mi="0" ci="3" mb="0" cb="0"/><line nr="70" mi="0" ci="3" mb="0" cb="0"/><line nr="71" mi="0" ci="3" mb="0" cb="0"/><line nr="72" mi="0" ci="6" mb="0" cb="0"/><line nr="74" mi="0" ci="4" mb="0" cb="0"/><line nr="75" mi="0" ci="2" mb="0" cb="0"/><line nr="76" mi="0" ci="3" mb="0" cb="0"/><line nr="86" mi="0" ci="6" mb="0" cb="0"/><line nr="87" mi="0" ci="3" mb="0" cb="0"/><line nr="89" mi="0" ci="8" mb="0" cb="2"/><line nr="90" mi="0" ci="6" mb="0" cb="0"/><line nr="92" mi="0" ci="4" mb="0" cb="0"/><line nr="93" mi="0" ci="6" mb="0" cb="0"/><line nr="94" mi="0" ci="3" mb="0" cb="0"/><line nr="95" mi="0" ci="3" mb="0" cb="0"/><line nr="96" mi="0" ci="3" mb="0" cb="0"/><line nr="97" mi="0" ci="6" mb="0" cb="0"/><line nr="99" mi="0" ci="4" mb="0" cb="0"/><line nr="100" mi="0" ci="2" mb="0" cb="0"/><line nr="101" mi="0" ci="3" mb="0" cb="0"/><line nr="111" mi="0" ci="4" mb="0" cb="0"/><line nr="112" mi="0" ci="2" mb="0" cb="0"/><line nr="113" mi="0" ci="3" mb="0" cb="0"/><line nr="115" mi="0" ci="6" mb="0" cb="2"/><line nr="116" mi="0" ci="5" mb="0" cb="0"/><line nr="118" mi="0" ci="12" mb="1" cb="1"/><line nr="119" mi="6" ci="0" mb="0" cb="0"/><line nr="122" mi="0" ci="3" mb="0" cb="0"/><line nr="123" mi="0" ci="3" mb="0" cb="0"/><line nr="124" mi="0" ci="6" mb="0" cb="0"/><line nr="126" mi="0" ci="4" mb="0" cb="0"/><line nr="127" mi="0" ci="2" mb="0" cb="0"/><line nr="128" mi="0" ci="3" mb="0" cb="0"/><line nr="138" mi="0" ci="4" mb="0" cb="0"/><line nr="139" mi="0" ci="2" mb="0" cb="0"/><line nr="140" mi="0" ci="3" mb="0" cb="0"/><line nr="142" mi="0" ci="6" mb="0" cb="2"/><line nr="143" mi="0" ci="5" mb="0" cb="0"/><line nr="145" mi="0" ci="12" mb="0" cb="2"/><line nr="146" mi="0" ci="6" mb="0" cb="0"/><line nr="148" mi="0" ci="3" mb="0" cb="0"/><line nr="149" mi="0" ci="3" mb="0" cb="0"/><line nr="150" mi="0" ci="6" mb="0" cb="0"/><line nr="152" mi="0" ci="4" mb="0" cb="0"/><line nr="153" mi="0" ci="2" mb="0" cb="0"/><line nr="154" mi="0" ci="3" mb="0" cb="0"/><line nr="160" mi="0" ci="3" mb="0" cb="0"/><line nr="161" mi="0" ci="2" mb="0" cb="0"/><line nr="162" mi="0" ci="3" mb="0" cb="0"/><line nr="163" mi="0" ci="5" mb="0" cb="0"/><line nr="165" mi="0" ci="10" mb="1" cb="3"/><line nr="166" mi="0" ci="5" mb="0" cb="0"/><line nr="168" mi="0" ci="4" mb="0" cb="0"/><line nr="169" mi="0" ci="1" mb="0" cb="0"/><line nr="173" mi="3" ci="0" mb="0" cb="0"/><line nr="174" mi="2" ci="0" mb="0" cb="0"/><line nr="175" mi="3" ci="0" mb="0" cb="0"/><line nr="177" mi="6" ci="0" mb="2" cb="0"/><line nr="178" mi="5" ci="0" mb="0" cb="0"/><line nr="180" mi="4" ci="0" mb="0" cb="0"/><line nr="181" mi="1" ci="0" mb="0" cb="0"/><line nr="188" mi="0" ci="7" mb="0" cb="0"/><line nr="194" mi="0" ci="16" mb="0" cb="2"/><line nr="195" mi="0" ci="4" mb="0" cb="0"/><line nr="197" mi="0" ci="3" mb="0" cb="0"/><line nr="205" mi="0" ci="7" mb="0" cb="0"/><line nr="211" mi="0" ci="7" mb="0" cb="0"/><line nr="217" mi="0" ci="16" mb="0" cb="2"/><line nr="218" mi="0" ci="4" mb="0" cb="0"/><line nr="220" mi="0" ci="10" mb="1" cb="3"/><line nr="224" mi="0" ci="3" mb="0" cb="0"/><line nr="226" mi="0" ci="4" mb="0" cb="0"/><line nr="228" mi="0" ci="4" mb="0" cb="0"/><line nr="229" mi="0" ci="3" mb="0" cb="0"/><line nr="230" mi="0" ci="3" mb="0" cb="0"/><line nr="231" mi="0" ci="3" mb="0" cb="0"/><line nr="232" mi="0" ci="5" mb="0" cb="0"/><line nr="233" mi="0" ci="2" mb="0" cb="0"/><line nr="235" mi="0" ci="3" mb="0" cb="0"/><line nr="236" mi="0" ci="2" mb="0" cb="0"/><line nr="237" mi="0" ci="2" mb="0" cb="0"/><line nr="244" mi="0" ci="5" mb="0" cb="0"/><line nr="246" mi="0" ci="4" mb="0" cb="2"/><line nr="247" mi="0" ci="5" mb="0" cb="0"/><line nr="249" mi="0" ci="1" mb="0" cb="0"/><line nr="252" mi="3" ci="0" mb="0" cb="0"/><line nr="254" mi="4" ci="0" mb="0" cb="0"/><line nr="256" mi="5" ci="0" mb="0" cb="0"/><line nr="258" mi="3" ci="0" mb="0" cb="0"/><line nr="259" mi="3" ci="0" mb="0" cb="0"/><line nr="260" mi="5" ci="0" mb="0" cb="0"/><line nr="261" mi="2" ci="0" mb="0" cb="0"/><line nr="263" mi="3" ci="0" mb="0" cb="0"/><line nr="264" mi="2" ci="0" mb="0" cb="0"/><line nr="265" mi="2" ci="0" mb="0" cb="0"/><line nr="272" mi="5" ci="0" mb="0" cb="0"/><line nr="274" mi="12" ci="0" mb="0" cb="0"/><line nr="276" mi="7" ci="0" mb="0" cb="0"/><line nr="277" mi="7" ci="0" mb="0" cb="0"/><line nr="279" mi="6" ci="0" mb="0" cb="0"/><line nr="283" mi="3" ci="0" mb="0" cb="0"/><line nr="285" mi="12" ci="0" mb="0" cb="0"/><line nr="287" mi="5" ci="0" mb="0" cb="0"/><line nr="288" mi="5" ci="0" mb="0" cb="0"/><line nr="290" mi="6" ci="0" mb="0" cb="0"/><line nr="295" mi="4" ci="0" mb="0" cb="0"/><line nr="296" mi="5" ci="0" mb="0" cb="0"/><line nr="297" mi="5" ci="0" mb="0" cb="0"/><line nr="299" mi="7" ci="0" mb="0" cb="0"/><line nr="300" mi="9" ci="0" mb="0" cb="0"/><line nr="304" mi="12" ci="0" mb="0" cb="0"/><line nr="306" mi="6" ci="0" mb="0" cb="0"/><line nr="307" mi="6" ci="0" mb="0" cb="0"/><line nr="309" mi="6" ci="0" mb="0" cb="0"/><counter type="INSTRUCTION" missed="190" covered="414"/><counter type="BRANCH" missed="5" covered="23"/><counter type="LINE" missed="37" covered="87"/><counter type="COMPLEXITY" missed="10" covered="23"/><counter type="METHOD" missed="6" covered="13"/><counter type="CLASS" missed="0" covered="1"/></sourcefile><sourcefile name="CoworkingAnnouncementService.java"><line nr="29" mi="5" ci="0" mb="0" cb="0"/><line nr="30" mi="6" ci="0" mb="0" cb="0"/><line nr="32" mi="7" ci="0" mb="2" cb="0"/><line nr="33" mi="5" ci="0" mb="0" cb="0"/><line nr="36" mi="2" ci="0" mb="0" cb="0"/><line nr="37" mi="3" ci="0" mb="0" cb="0"/><line nr="38" mi="3" ci="0" mb="0" cb="0"/><line nr="39" mi="3" ci="0" mb="0" cb="0"/><line nr="40" mi="3" ci="0" mb="0" cb="0"/><line nr="41" mi="2" ci="0" mb="0" cb="0"/><line nr="42" mi="1" ci="0" mb="0" cb="0"/><line nr="43" mi="2" ci="0" mb="0" cb="0"/><line nr="45" mi="6" ci="0" mb="0" cb="0"/><line nr="46" mi="5" ci="0" mb="0" cb="0"/><line nr="50" mi="15" ci="0" mb="0" cb="0"/><line nr="51" mi="4" ci="0" mb="0" cb="0"/><line nr="52" mi="4" ci="0" mb="0" cb="0"/><line nr="53" mi="1" ci="0" mb="0" cb="0"/><counter type="INSTRUCTION" missed="77" covered="0"/><counter type="BRANCH" missed="2" covered="0"/><counter type="LINE" missed="18" covered="0"/><counter type="COMPLEXITY" missed="3" covered="0"/><counter type="METHOD" missed="2" covered="0"/><counter type="CLASS" missed="1" covered="0"/></sourcefile><sourcefile name="CoworkingSpaceService.java"><line nr="26" mi="0" ci="4" mb="0" cb="0"/><line nr="37" mi="0" ci="10" mb="0" cb="0"/><line nr="38" mi="0" ci="9" mb="0" cb="0"/><line nr="42" mi="0" ci="7" mb="0" cb="0"/><line nr="43" mi="0" ci="3" mb="0" cb="2"/><line nr="44" mi="0" ci="2" mb="0" cb="0"/><line nr="46" mi="0" ci="4" mb="0" cb="0"/><line nr="47" mi="0" ci="6" mb="0" cb="0"/><line nr="49" mi="0" ci="4" mb="0" cb="0"/><line nr="50" mi="0" ci="15" mb="0" cb="2"/><line nr="52" mi="0" ci="5" mb="0" cb="0"/><line nr="53" mi="0" ci="14" mb="0" cb="2"/><line nr="54" mi="0" ci="9" mb="0" cb="0"/><line nr="55" mi="0" ci="5" mb="0" cb="0"/><line nr="56" mi="0" ci="1" mb="0" cb="0"/><line nr="58" mi="0" ci="5" mb="0" cb="0"/><line nr="59" mi="0" ci="14" mb="0" cb="2"/><line nr="60" mi="0" ci="9" mb="0" cb="0"/><line nr="61" mi="0" ci="11" mb="0" cb="0"/><line nr="62" mi="0" ci="5" mb="0" cb="0"/><line nr="63" mi="0" ci="1" mb="0" cb="0"/><line nr="65" mi="0" ci="4" mb="0" cb="0"/><line nr="66" mi="0" ci="1" mb="0" cb="0"/><line nr="67" mi="0" ci="3" mb="0" cb="0"/><line nr="69" mi="0" ci="3" mb="0" cb="0"/><line nr="73" mi="3" ci="0" mb="0" cb="0"/><line nr="75" mi="4" ci="0" mb="0" cb="0"/><line nr="77" mi="5" ci="0" mb="0" cb="0"/><line nr="78" mi="3" ci="0" mb="0" cb="0"/><line nr="79" mi="5" ci="0" mb="0" cb="0"/><line nr="80" mi="1" ci="0" mb="0" cb="0"/><line nr="83" mi="5" ci="0" mb="0" cb="0"/><line nr="85" mi="4" ci="0" mb="2" cb="0"/><line nr="86" mi="5" ci="0" mb="0" cb="0"/><line nr="88" mi="1" ci="0" mb="0" cb="0"/><line nr="91" mi="7" ci="0" mb="0" cb="0"/><line nr="92" mi="9" ci="0" mb="0" cb="0"/><line nr="96" mi="4" ci="0" mb="0" cb="0"/><line nr="98" mi="3" ci="0" mb="2" cb="0"/><line nr="99" mi="2" ci="0" mb="0" cb="0"/><line nr="102" mi="6" ci="0" mb="0" cb="0"/><line nr="104" mi="7" ci="0" mb="0" cb="0"/><counter type="INSTRUCTION" missed="74" covered="154"/><counter type="BRANCH" missed="4" covered="8"/><counter type="LINE" missed="17" covered="25"/><counter type="COMPLEXITY" missed="7" covered="8"/><counter type="METHOD" missed="5" covered="4"/><counter type="CLASS" missed="0" covered="1"/></sourcefile><counter type="INSTRUCTION" missed="341" covered="568"/><counter type="BRANCH" missed="11" covered="31"/><counter type="LINE" missed="72" covered="112"/><counter type="COMPLEXITY" missed="20" covered="31"/><counter type="METHOD" missed="13" covered="17"/><counter type="CLASS" missed="1" covered="2"/></package><counter type="INSTRUCTION" missed="341" covered="983"/><counter type="BRANCH" missed="12" covered="48"/><counter type="LINE" missed="72" covered="200"/><counter type="COMPLEXITY" missed="21" covered="59"/><counter type="METHOD" missed="13" covered="37"/><counter type="CLASS" missed="1" covered="5"/></report>